This file contains any messages produced by compilers while
running configure, to aid debugging if configure makes a mistake.

configure:590: checking for a BSD compatible install
configure:643: checking whether build environment is sane
configure:700: checking whether make sets ${MAKE}
configure:746: checking for working aclocal
configure:759: checking for working autoconf
configure:772: checking for working automake
configure:785: checking for working autoheader
configure:798: checking for working makeinfo
configure:905: checking type prefix for installed files
configure:1006: checking for vendor's icc to be used instead of gcc
configure:1010: checking for icc
configure:1006: checking for vendor's cc to be used instead of gcc
configure:1010: checking for cc
configure:1040: checking for gcc
configure:1153: checking whether the C compiler (gcc -O3 -march=core2 ) works
configure:1169: gcc -o conftest -O3 -march=core2   conftest.c  1>&5
configure:1195: checking whether the C compiler (gcc -O3 -march=core2 ) is a cross-compiler
configure:1200: checking whether we are using GNU C
configure:1209: gcc -E conftest.c
configure:1228: checking whether gcc accepts -g
configure:1262: checking whether we are using gcc 2.90 or later
configure:1274: gcc -E conftest.c
configure:1303: checking for a BSD compatible install
configure:1356: checking whether make sets ${MAKE}
configure:1385: checking for ranlib
configure:1413: checking whether ln -s works
configure:1486: checking host system type
configure:1507: checking build system type
configure:1536: checking for ld used by GCC
configure:1599: checking if the linker (/usr/bin/ld) is GNU ld
GNU ld (GNU Binutils for Ubuntu) 2.20.1-system.20100303
configure:1615: checking for BSD-compatible nm
