BBLCOUNT        1.0         0
0x80483c0 1 3 9
0x80483c9 1 5 17
0x80483e4 1 1 5
0x80483da 0 1 5
0x80483e9 1 3 5
0x80483df 1 1 5
0x8048450 161 1 6
0x8048456 1 2 10
0x8048476 1 2 10
0x8048470 1800 1 6
0x8048426 1 2 10
0x8048436 1 2 10
0x8048420 10005 1 6
0x8048440 1 1 6
0x8048460 10040 1 6
0x8048466 1 2 10
0x8048446 1 2 10
0x80483f0 7 2 12
0x8048430 10007 1 6
0x8048400 1 1 6
0x8048406 1 2 10
0x80484a8 1 1 5
0x80484ad 1 1 5
0x80484b2 1 3 4
0x8048480 1 9 40
0x80484b8 1 13 33
0x80484e0 1 6 16
0x80484f0 1 7 26
0x804850a 0 4 21
0x8048528 1 5 13
0x8048558 0 2 9
0x8048561 1 2 2
0x804854f 0 3 9
0x8048540 1 6 15
0x8048582 6729 2 4
0x80485b7 37056479 2 8
0x8048570 10004 7 18
0x8048586 6729 4 9
0x80485b7 30267166 2 8
0x80485bf 16599565 14 42
0x80485e9 1712 4 4
0x8048590 37060145 13 39
0x80485bf 13663935 14 42
0x80485e9 5017 4 4
0x80485f0 3275 2 4
0x80485f4 3275 18 51
0x8048627 0 4 4
0x8048600 32763100 13 39
0x8048627 3275 4 4
0x8048671 2 3 3
0x8048630 2 5 12
0x804863c 2 16 53
0x8048671 0 3 3
0x8048650 20008 12 33
0x80486bd 0 4 4
0x8048694 30014 15 41
0x8048698 300260056 13 37
0x80486bd 30014 4 4
0x8048680 30014 8 20
0x80487f0 10007 9 36
0x8048814 10007 5 11
0x804884b 97975293 5 13
0x804886d 20011 3 3
0x8048840 97995304 4 11
0x8048820 20011 7 19
0x8048833 20011 3 8
0x804884b 102234762 5 13
0x8048858 57760311 7 21
0x804886d 0 3 3
0x8048858 44454440 7 21
0x8048870 10005 3 15
0x804887f 10005 2 4
0x804892e 10004 4 28
0x804894a 10004 3 20
0x804891a 10004 3 20
0x804895e 10004 3 20
0x8048972 10004 1 5
0x8048a15 1 1 5
0x80488b5 1 3 20
0x80488c9 1 4 18
0x80488e0 10003 3 20
0x8048a1a 1 3 9
0x8048980 1 3 20
0x8048977 10004 2 9
0x80489b0 1 3 20
0x80488db 1 5 25
0x80489c4 1 4 28
0x80488fe 10004 4 28
0x80488f4 10004 3 10
0x80489f9 1 4 28
0x80489e0 1 3 20
0x80489f4 1 1 5
0x8048890 1 8 37
0x8048994 1 4 28
0x8048a30 1 10 43
0x8048a5b 1 3 14
0x8048a98 1 3 15
0x8048b60 1800 4 21
0x8048aa7 9959 6 32
0x8048a98 9959 3 15
0x8048aeb 200 8 24
0x8048adb 2000 7 16
0x8048ac7 9999 9 20
0x8048aa7 1 6 32
0x8048b30 160 6 37
0x8048b55 160 1 5
0x8048b03 40 6 28
0x8048aa7 39 6 32
0x8048b27 1 6 8
0x8048a69 1 9 47
0x8048b75 1800 1 5
0x8048b1f 40 2 8
0x8048bd9 1 6 8
0x8048ba1 1 5 15
0x8048bb0 0 8 34
0x8048b80 1 5 9
0x8048b89 1 5 24
0x8048bf2 1 2 4
0x8048c24 1 4 6
0x8048c11 0 4 12
0x8048c00 1 7 17
0x8048c2c 1 3 9
0x8048c35 1 3 12
0x8048c41 1 3 5
0xb5ca3cb8 20080 1 6
0xb5ca5d57 1 4 16
0xb5ca5d50 1 3 7
0xb5ca5d67 0 19 81
0xb5ca5db5 1 3 3
0xb5ca5dc0 1 3 7
0xb5ca5dc7 1 5 19
0xb5ca5dda 0 4 11
0xb5ca5deb 1 3 3
0xb5ca5e0a 1 4 11
0xb5ca5e15 1 3 6
0xb5ca5e1b 1 3 3
0xb5ca5df7 1 5 19
0xb5ca5df0 1 3 7
0xb5ca5e1e 10040 2 4
0xb5ca5e1e 30120 2 4
0xb5ca5e1e 20080 2 4
0xb5ca5e1e 10201 2 4
0xb5ca5e1e 161 2 4
0xb5ca5e1e 20080 2 4
0xb5ca5e1e 10040 2 4
0xb5ca5e1e 2 2 4
0xb5ca5e1e 1 2 4
0xb5ca5e1e 1 2 4
0xb5ca5e1e 2 2 4
0xb5ca5e1e 2 2 4
0xb5ca5e1e 2 2 4
0xb5ca5e1e 22006 2 4
0xb5ca5e1e 10005 2 4
0xb5ca5e1e 1 2 4
0xb5ca5e1e 1 2 4
0xb5ca5e1e 1 2 4
0xb5ca5e1e 1 2 4
0xb5ca5e1e 1 2 4
0xb5ca5e1e 1 2 4
0xb5ca5e1e 1 2 4
0xb5ca5e1e 1 2 4
0xb5ca5e1e 1 2 4
0xb5ca5e1e 1 2 4
0xb5ca5e1e 1 2 4
0xb5ca5e1e 1 2 4
0xb5ca5e1e 1 2 4
0xb5ca5e1e 11805 2 4
0xb5ca5e1e 1800 2 4
0xb5ca5e1e 22006 2 4
0xb5ca5e40 1 3 12
0xb5ca5ead 1 6 20
0xb5ca5ea8 1 1 5
0xb5ca5e84 1 8 36
0xb5ca5ee7 0 3 11
0xb5ca5ec8 1 6 31
0xb5ca5e7a 0 9 46
0xb5ca5e74 0 3 6
0xb5ca5e4c 1 10 40
0xb5ca5f7d 1 8 29
0xb5ca5f79 1 2 4
0xb5ca5f50 1 4 24
0xb5ca5f44 1 4 12
0xb5ca5f68 1 4 17
0xb5ca600b 1 2 7
0xb5ca5f50 0 4 24
0xb5ca5f19 1 7 34
0xb5ca5f3b 0 8 21
0xb5ca6003 1 2 8
0xb5ca5f10 1 5 9
0xb5ca5fc6 1 14 61
0xb5ca5f9a 1 4 20
0xb5ca5fae 1 2 8
0xb5ca5fb6 1 3 12
0xb5ca5fc2 1 2 4
0xb5cba680 1 16 54
0xb5cbd979 1 2 8
0xb5cbd972 1 3 7
0xb5cbd8ef 0 2 5
0xb5cbd970 1 1 2
0xb5cbd960 1 4 16
0xb5cbd959 1 2 7
0xb5cbd950 1 4 9
0xb5cbd8d0 1 3 7
0xb5cbd931 1 1 2
0xb5cbd918 1 7 25
0xb5cbd8f9 0 7 25
0xb5cbd8f4 0 2 5
0xb5cbd8ef 1 2 5
0xb5cbd8d7 0 9 24
0xb5cbd8d7 1 9 24
0xb5cbd8ce 1 4 9
0xb5cbd8ac 1 8 34
0xb5cbd8a0 1 6 12
0xb5cbd996 1 8 39
0xb5cbd990 1 2 6
0xb5cbdada 0 2 14
0xb5cbdae8 1 7 10
0xb5cbdae8 0 7 10
0xb5cbdadb 1 2 13
0xb5cbda10 1 8 19
0xb5cbdabc 1 5 30
0xb5cbdafe 1 3 12
0xb5cbda41 1 6 18
0xb5cbdafa 1 2 4
0xb5cbda53 1 5 12
0xb5cbda34 1 2 13
0xb5cbda41 0 6 18
0xb5cbda33 0 2 14
0xb5cbda92 1 5 15
0xb5cbda23 1 3 16
0xb5cbdaa1 0 2 4
0xb5cbdb0c 1 2 7
0xb5cbdb8b 1 2 4
0xb5cbdb8f 1 13 44
0xb5cbdb76 1 5 21
0xb5cbdb70 1 2 6
0xb5cbdc05 1 3 5
0xb5cbdbd0 1 2 6
0xb5cbdbd6 1 11 47
0xb5ccc9f9 0 2 5
0xb5ccc9c0 10040 6 13
0xb5ccc9cd 10040 7 28
0xb5ccc9e9 0 3 11
0xb5ccc9f4 0 2 5
0xb5ccc9ef 10040 2 5
0xb5ccc9f4 0 2 5
0xb5ccca50 10040 14 37
0xb5ccca75 10000 6 7
0xb5ccca58 118 12 29
0xb5ccca75 40 6 7
0xb5ccf91b 0 2 9
0xb5ccd14f 10040 5 23
0xb5ccd136 10040 5 25
0xb5ccd166 0 4 20
0xb5ccd436 10040 3 13
0xb5ccd425 20080 4 17
0xb5ccd420 20080 2 5
0xb5ccd120 0 4 22
0xb5ccd115 20080 3 11
0xb5ccd107 20080 3 14
0xb5ccd101 20080 2 6
0xb5ccd0f3 20080 3 14
0xb5ccd0e8 20080 3 11
0xb5ccd401 0 2 15
0xb5ccd3f8 20080 2 9
0xb5ccd0d6 20080 3 11
0xb5ccd0c8 20080 3 14
0xb5ccd085 20080 15 67
0xb5ccd070 20080 9 21
0xb5ccfd5e 0 5 25
0xb5ccf9ba 0 2 15
0xb5ccf9b2 10040 2 8
0xb5ccf98d 10040 8 37
0xb5ccf980 10040 2 13
0xb5ccf941 0 4 20
0xb5ccf931 10040 4 16
0xb5ccf924 0 2 13
0xb5ccf912 10040 2 9
0xb5ccfe24 0 5 25
0xb5ccfe1c 0 3 8
0xb5ccfe0f 10040 2 13
0xb5ccfe4c 10040 4 19
0xb5ccd17a 0 7 27
0xb5ccfd45 10040 2 13
0xb5ccf8f2 0 5 25
0xb5ccf8e6 0 3 12
0xb5ccf8d9 10040 2 13
0xb5ccfe7d 10040 2 15
0xb5ccfd93 0 5 26
0xb5ccfd86 10040 2 13
0xb5ccf8e6 0 3 12
0xb5ccf8d9 0 2 13
0xb5ccf8b0 10040 7 41
0xb5ccedf4 10040 2 15
0xb5ccd1fd 0 6 44
0xb5ccd1f1 40 2 12
0xb5ccd443 10040 2 11
0xb5ccd280 20080 9 18
0xb5ccd25c 0 7 32
0xb5ccd252 10040 3 10
0xb5ccd252 0 3 10
0xb5ccd23e 0 6 20
0xb5ccd237 10040 3 7
0xb5ccd229 10040 3 14
0xb5ccd21b 10040 3 14
0xb5ccfd52 0 3 12
0xb5ccede5 10040 3 15
0xb5ccedd2 10040 4 19
0xb5cceda2 0 3 25
0xb5cced98 10040 3 10
0xb5cced75 10040 9 35
0xb5cced60 10040 4 21
0xb5cced41 10040 6 31
0xb5cced34 10040 2 13
0xb5ccf424 10040 2 11
0xb5ccfe5f 0 2 15
0xb5ccd4b8 10040 4 27
0xb5cd00a4 10040 5 15
0xb5cd2337 10040 2 7
0xb5cd2322 10040 4 21
0xb5cd00b3 0 5 27
0xb5cd0095 0 8 30
0xb5cd0085 10040 3 16
0xb5ccf77d 0 8 42
0xb5ccf75a 0 10 35
0xb5ccf747 10040 3 19
0xb5ccd351 10040 16 145
0xb5ccd2e5 10040 3 14
0xb5ccd2f3 10040 15 94
0xb5ccf895 0 2 9
0xb5ccd2d7 10040 3 14
0xb5ccd2c9 10040 3 14
0xb5ccd2ba 10040 3 15
0xb5ccd298 10040 5 34
0xb5ccd1fd 0 6 44
0xb5ccd1f1 10000 2 12
0xb5ccd1ba 10040 11 55
0xb5cd00b3 0 5 27
0xb5ccf875 10040 7 32
0xb5ccf843 10040 12 50
0xb5ccf81e 0 2 9
0xb5ccf815 10040 2 9
0xb5ccf805 10040 4 16
0xb5cd0179 0 4 16
0xb5cd016c 10040 2 13
0xb5cd015f 10040 2 13
0xb5cd239a 0 6 28
0xb5cd238d 10040 2 13
0xb5cd016c 0 2 13
0xb5cd00ce 0 2 9
0xb5cd00b5 10040 4 25
0xb5cd00ce 0 2 9
0xb5cd00d7 0 2 9
0xb5cd015f 0 2 13
0xb5cd014c 10040 3 19
0xb5cd0116 10040 11 54
0xb5cd27fa 10040 7 29
0xb5cd2857 10040 7 13
0xb5cd2833 0 7 36
0xb5cd282f 10040 2 4
0xb5cd2893 10040 1 2
0xb5cd288a 10040 2 9
0xb5cd2889 0 2 10
0xb5cd2878 10040 3 17
0xb5cd2868 10040 6 16
0xb5cd2833 0 7 36
0xb5cd282f 0 2 4
0xb5cd2817 10040 9 24
0xb5cd26d1 10040 3 12
0xb5cd27d8 10040 9 34
0xb5cd27cf 10040 2 9
0xb5cd27d8 0 9 34
0xb5cd27ce 0 2 10
0xb5cd27bf 10040 3 15
0xb5cd27a8 10040 6 23
0xb5cd278b 10040 6 29
0xb5cd277b 10040 4 16
0xb5cd26c0 10040 7 17
0xb5cd2704 10040 18 119
0xb5cd26f6 10040 3 14
0xb5cd26eb 10040 3 11
0xb5cd26dd 10040 3 14
0xb5cd7a00 10040 8 31
0xb5cd7a1f 10040 2 4
0xb5ced845 161 2 9
0xb5ced87c 161 7 28
0xb5ced7e0 161 7 28
0xb5ced7fc 161 6 25
0xb5ced815 161 3 9
0xb5ced81e 161 6 23
0xb5ced835 161 3 15
0xb5ced844 0 2 10
0xb5ced84e 0 7 22
0xb5ced84e 161 7 22
0xb5ced864 161 3 10
0xb5ced86e 161 3 7
0xb5ced875 0 8 35
0xb5ced8f9 161 2 9
0xb5ced8f0 161 4 9
0xb5ced898 161 6 15
0xb5ced8a7 161 6 16
0xb5ced8b7 0 3 5
0xb5ced910 161 3 17
0xb5ced921 0 2 6
0xb5ced927 0 1 2
0xb5ced922 161 2 5
0xb5ced927 161 1 2
0xb5ced8b8 161 2 4
0xb5ced8bc 0 2 4
0xb5ced8c0 0 11 32
0xb5ced8ca 161 7 22
0xb5ceeec4 1 2 5
0xb5ceeeb2 1 3 17
0xb5ceeea2 1 6 16
0xb5ceee9b 1 3 7
0xb5ceeefb 1 1 2
0xb5ceeee7 1 5 20
0xb5ceeee0 1 3 7
0xb5ceee9b 0 3 7
0xb5ceee94 1 3 7
0xb5ceee8e 1 2 6
0xb5ceeec9 1 6 20
0xb5ceee00 1 5 20
0xb5ceee59 1 16 53
0xb5ceee14 1 8 29
0xb5ceee31 1 4 15
0xb5ceee40 1 3 15
0xb5ceee50 1 2 9
0xb5cf081c 10005 2 5
0xb5cf080a 10005 3 17
0xb5cf07fa 10005 6 16
0xb5cf0837 10005 4 18
0xb5cf07c2 10005 2 9
0xb5cf07f3 10005 3 7
0xb5cf07b2 10005 3 15
0xb5cf0849 10005 2 4
0xb5cf07a3 10005 4 15
0xb5cf077c 10005 10 39
0xb5cf0821 10005 7 22
0xb5cf0770 10005 3 12
0xb5cf07cb 10005 7 24
0xb5cf07e3 0 8 23
0xb5cf44ee 1800 2 9
0xb5cf4530 1800 3 17
0xb5cf44f7 1800 6 18
0xb5cf4509 0 8 23
0xb5cf455d 1800 4 18
0xb5cf456f 1800 2 4
0xb5cf4519 1800 3 7
0xb5cf4520 1800 6 16
0xb5cf44de 1800 3 15
0xb5cf4547 1800 7 22
0xb5cf4542 1800 2 5
0xb5cf44a0 1800 5 20
0xb5cf44b4 1800 7 27
0xb5cf44cf 1800 4 15
0xb5cf512b 1 3 5
0xb5cf5100 1 4 13
0xb5cf510d 1 6 30
0xb5cf7a24 22006 4 14
0xb5cf7ae8 22006 2 12
0xb5cf7a32 0 9 29
0xb5cf7a4f 0 9 28
0xb5cf7ab8 22006 2 9
0xb5cf7ac1 0 6 22
0xb5cf7a4f 0 9 28
0xb5cf7a32 22006 9 29
0xb5cf7af4 0 1 5
0xb5cf7a52 22006 8 25
0xb5cf79d0 22006 6 20
0xb5cf79e4 22006 6 21
0xb5cf79f9 0 9 43
0xb5cf7a70 22006 4 10
0xb5cf7a7a 0 11 42
0xb5cf7a07 22006 7 29
0xb5cf7b20 22006 4 8
0xb5cf7b70 22006 5 7
0xb5cf7b78 22006 3 6
0xb5cf7b40 0 1 5
0xb5cf7b28 0 7 24
0xb5cf7b40 22006 1 5
0xb5cf7b5f 0 12 24
0xb5cf7b28 22006 7 24
0xb5cf7b4d 0 7 18
0xb5cf7b45 22006 3 8
0xb5cf7b18 22006 2 4
0xb5cf7b5f 0 12 24
0xb5cf7b00 22006 10 24
0xb5cf7b55 22006 4 10
0xb5cf81d0 2 5 14
0xb5cf81de 2 5 16
0xb5cf81ee 0 3 11
0xb5cf81f9 0 9 30
0xb5cf8225 2 3 8
0xb5cf822d 2 7 22
0xb5cf82d0 2 8 34
0xb5cf82c0 2 4 16
0xb5cf82f2 2 2 4
0xb5cf82f6 2 12 35
0xb5cf8619 0 8 22
0xb5cf85d6 10201 5 14
0xb5cf85e4 10201 5 25
0xb5cf85c4 10201 4 18
0xb5cf85fd 10201 2 9
0xb5cf85a2 10201 8 34
0xb5cf8590 10201 5 18
0xb5cf86ab 10201 8 26
0xb5cf8606 10201 7 19
0xb5cf8623 10201 4 12
0xb5cf862f 0 2 4
0xb5cf8633 0 5 18
0xb5cf8758 10201 5 16
0xb5cf8768 10201 4 14
0xb5cf8776 0 1 5
0xb5cf862f 10201 2 4
0xb5cf8633 0 5 18
0xb5cf912e 11805 4 16
0xb5cf9149 10201 3 5
0xb5cf9120 22006 6 14
0xb5cf913e 11805 7 16
0xb5cf9418 1 3 11
0xb5cf93c4 1 2 9
0xb5cf93cd 1 2 9
0xb5cf93f8 11805 8 25
0xb5cf93d6 1 7 21
0xb5cf9470 11805 6 21
0xb5cf9468 1 2 8
0xb5cf94e0 10201 6 21
0xb5cf94f5 10201 1 5
0xb5cf93fd 10201 6 20
0xb5cf93d6 11804 7 21
0xb5cf93cd 11804 2 9
0xb5cf93c1 22005 3 12
0xb5cf9485 11805 2 9
0xb5cf948e 0 2 10
0xb5cf9380 22006 5 20
0xb5cf9394 22006 7 29
0xb5cf93b1 22006 2 5
0xb5cf93b6 22005 3 11
0xb5cf945c 1 2 12
0xb5cf943a 1 11 34
0xb5cf9423 1 3 12
0xb5cf942f 1 3 11
0xb5cfa071 1 3 10
0xb5cfa050 11805 5 20
0xb5cfa064 11805 4 13
0xb5cfa07b 1 7 32
0xb5cfa09b 11805 4 12
0xb5cfa082 11804 6 25
0xb5cfa374 2 4 13
0xb5cfa381 1 2 5
0xb5cfa39c 1 5 15
0xb5cfa386 1 7 22
0xb5cfa386 1 7 22
0xb5cfa39c 1 5 15
0xb5cfa360 2 5 20
0xb5cfa4f9 10120 2 4
0xb5cfa576 20000 6 8
0xb5cfa4ea 10120 4 8
0xb5cfa4b0 30120 8 18
0xb5cfa4c2 30120 4 18
0xb5cfa4d4 10120 7 22
0xb5cfa4f4 10120 2 5
0xb5cfa4fd 10120 9 25
0xb5cfa516 10000 8 19
0xb5cfa529 0 6 24
0xb5cfa570 10120 8 14
0xb5cfa508 478 5 14
0xb5cfa516 120 8 19
0xb5cfa529 0 6 24
0xb5cfa6ac 2 8 33
0xb5cfa6cd 2 13 64
0xb5cfa6a8 0 2 4
0xb5cfa660 2 10 40
0xb5cfa688 2 4 19
0xb5cfa69b 2 2 9
0xb5cfa6a4 2 2 4
0xb5cfad30 3 3 12
0xb5cfac93 0 6 16
0xb5cfad3c 0 2 9
0xb5cfac49 3 2 6
0xb5cfac4f 3 2 4
0xb5cfac53 0 4 11
0xb5cfad23 1 7 12
0xb5cfad02 0 7 33
0xb5cfac88 3 2 4
0xb5cfac8c 0 3 7
0xb5cfacfa 1 3 8
0xb5cface3 1 2 4
0xb5cfacd8 3 3 11
0xb5cfacc0 3 4 24
0xb5cfac4f 0 2 4
0xb5cfac49 0 2 6
0xb5cfac3e 3 3 11
0xb5cfac0b 0 4 12
0xb5cfac02 0 3 9
0xb5cfab40 1 5 9
0xb5cfab49 1 7 31
0xb5cfab68 1 5 22
0xb5cfab7e 0 3 15
0xb5cfabb9 1 5 28
0xb5cfabd5 1 3 13
0xb5cfabf8 3 3 10
0xb5cfada0 1 5 9
0xb5cfada9 1 4 21
0xb5cfadd0 1 6 21
0xb5cfadbe 1 4 18
0xb5cfadf4 0 3 11
0xb5cfade5 1 3 15
0xb5cfadd8 2 4 13
0xb5cfaed2 1 7 12
0xb5cfaec0 3 4 18
0xb5cfade5 0 3 15
0xb5d01410 20080 3 5
0xb5d01393 0 4 11
0xb5d0138f 20080 2 4
0xb5d01376 20080 7 25
0xb5d01370 20080 2 6
0xb5d053c1 0 3 7
0xb5d053bd 1 2 4
0xb5d053ba 0 3 7
0xb5d053b6 1 2 4
0xb5d053b0 0 3 6
0xb5d053c8 0 3 7
0xb5d053d6 1 3 3
0xb5d053b2 1 2 4
0xb5d053b6 0 2 4
0xb5d052d2 1 4 15
0xb5d053a9 1 3 7
0xb5d05220 1 11 34
0xb5d05242 1 3 6
0xb5d05248 0 3 10
0xb5d0524a 1 2 8
0xb5d05252 1 3 9
0xb5d0525b 1 3 6
0xb5d05261 1 3 10
0xb5d0526b 1 3 9
0xb5d0527c 1 2 8
0xb5d05284 1 2 3
0xb5d052c3 1 4 15
0xb5d05274 1 3 6
0xb5d052e1 1 4 11
0xb5d052ec 1 4 11
0xb5d052f7 1 4 16
0xb5d05307 1 4 15
0xb5d06670 10007 12 31
0xb5d0668f 10007 5 11
0xb5d0669a 10007 15 40
0xb5d066c2 0 3 8
0xb5d066a0 3112177 12 34
0xb5d066c2 10007 3 8
0xb5d066c8 10007 1 2
0xb5d066c8 30021 1 2
0xb5d066ca 10007 3 7
0xb5d066d1 10007 3 6
0xb5d095fd 20080 2 2
0xb5d094a0 20080 9 23
0xb5d09523 80 4 15
0xb5d09532 80 4 15
0xb5d09541 80 5 18
0xb5d09553 80 4 11
0xb5d095dc 80 3 7
0xb5d095e3 80 2 4
0xb5d095e7 80 3 5
0xb5d09514 80 4 15
0xb5d09503 80 5 17
0xb5d094c9 40 3 5
0xb5d094ce 0 3 10
0xb5d094d8 0 2 8
0xb5d0955e 40 4 11
0xb5d09569 0 4 11
0xb5d09574 0 5 14
0xb5d094b7 20040 3 10
0xb5d094c1 10040 2 8
0xb5d29a98 1 3 11
0xb5d5147a 22006 6 20
0xb5d51470 22006 2 10
0xb5d5148e 22006 3 8
0xb5d51496 22006 1 1
0xb5d62868 1 3 16
0xb5d62862 1 3 6
0xb5d62854 1 4 14
0xb5d62840 1 5 20
0xb5d6287c 1 11 37
0xb5d62878 1 2 4
0xb779d7e4 9 1 6
0xb779d7d4 19 1 6
0xb779d7c4 20 1 6
0xb779d9ff 1 5 12
0xb779da0f 0 8 42
0xb779d9f6 4 2 9
0xb779da0b 1 2 4
0xb779da0b 0 2 4
0xb779da04 3 3 7
0xb779d97a 1 3 7
0xb779da0b 0 2 4
0xb779da07 1 2 4
0xb779d9ec 1 3 10
0xb779d9c2 0 8 42
0xb779d9a7 1 6 27
0xb779d981 1 7 38
0xb779da0f 0 8 42
0xb779da39 1 1 5
0xb779da3e 1 1 5
0xb779da43 1 3 6
0xb779da49 0 4 22
0xb779da6d 1 14 64
0xb779daad 1 4 12
0xb779dab9 1 9 28
0xb779ded7 1 2 7
0xb779dec0 1 2 4
0xb779dede 1 17 49
0xb779df0f 1 3 11
0xb779ded0 1 2 7
0xb779df20 3 1 5
0xb779df25 3 3 13
0xb779df40 4 3 9
0xb779df50 4 3 9
0xb779e48e 1 3 7
0xb779e4e1 1 6 8
0xb779e430 1 6 11
0xb779e43b 1 9 37
0xb779e460 0 9 40
0xb779e466 1 8 34
0xb779e488 2 3 6
0xb779e495 1 3 6
0xb779e4a4 1 4 11
0xb779e4af 0 2 4
0xb779e4b3 0 3 8
0xb779e4d9 1 2 8
0xb779e4c6 1 5 19
0xb779e480 1 2 8
0xb779ea26 1 3 14
0xb779e6e4 0 6 29
0xb779e6d9 1 3 11
0xb779e6bc 1 6 29
0xb779e4bb 1 3 11
0xb779e4b3 1 3 8
0xb779e4af 1 2 4
0xb779e4a4 11 4 11
0xb779e4a0 11 2 4
0xb779ec10 1 3 12
0xb779ec52 1 8 37
0xb779ec48 1 3 10
0xb779ec30 1 7 24
0xb779ec1c 1 5 20
0xb779f7cb 1 3 10
0xb779f7a9 0 4 14
0xb779f7b7 0 3 8
0xb779f76b 0 3 12
0xb779f79f 1 3 10
0xb779f79f 0 3 10
0xb779f792 0 3 13
0xb779f78b 1 3 7
0xb779f78b 0 3 7
0xb779f77e 0 3 13
0xb779f777 1 3 7
0xb779f777 0 3 7
0xb779f560 1 3 10
0xb779f7d5 0 4 18
0xb779f7e7 0 3 10
0xb779f7e7 1 3 10
0xb779f7f1 0 3 14
0xb779f7f8 1 2 7
0xb779f7ff 1 8 32
0xb779f81f 1 5 17
0xb779f830 1 3 14
0xb779f83e 1 3 14
0xb779f84c 1 6 25
0xb779f865 1 5 17
0xb779f876 1 3 11
0xb779f881 1 3 15
0xb779f890 1 9 48
0xb779f8c0 1 1 5
0xb779f418 1 2 11
0xb779f4a8 2 4 14
0xb779f49f 2 2 9
0xb779f496 3 2 9
0xb779f4eb 0 10 38
0xb779f4ca 0 9 33
0xb779f4bc 1 6 14
0xb779f492 1 2 4
0xb779f471 1 8 33
0xb779f464 1 4 13
0xb779f43b 1 7 41
0xb779f42d 1 3 14
0xb779f423 1 2 10
0xb779fd81 1 4 9
0xb779f411 0 3 18
0xb779f401 1 4 16
0xb779f3fb 0 5 22
0xb779f3e7 0 5 20
0xb779f3d7 1 4 16
0xb779f397 1 4 16
0xb779f38a 1 3 13
0xb779f37d 1 4 13
0xb779f37d 0 4 13
0xb779f370 0 3 13
0xb779f363 1 4 13
0xb779f1ab 4 7 25
0xb779f520 1 2 7
0xb779f573 0 12 46
0xb779f56a 0 4 9
0xb77a12ee 0 1 5
0xb779f56a 0 4 9
0xb779f560 0 3 10
0xb779f54b 1 7 21
0xb779f53b 1 4 16
0xb779f536 6 2 5
0xb779f527 6 5 15
0xb779f54b 2 7 21
0xb779f53b 2 4 16
0xb779f536 3 2 5
0xb779f764 1 3 7
0xb779f511 1 5 15
0xb779f4eb 1 10 38
0xb779f4eb 0 10 38
0xb779f4ca 0 9 33
0xb779f4b6 2 7 20
0xb779f4ca 1 9 33
0xb779f4b6 1 7 20
0xb779f4a8 1 4 14
0xb779fdb3 1 2 11
0xb779fda7 1 2 12
0xb779fd97 1 3 16
0xb779fd8a 1 4 13
0xb779f96f 0 11 41
0xb77a015e 0 2 9
0xb77a0167 0 4 21
0xb77a05c7 1 2 12
0xb779fb4d 1 13 45
0xb779fb7a 1 5 27
0xb779fb95 0 3 10
0xb779fb9f 0 1 5
0xb77a0578 1 5 26
0xb77a0592 1 1 5
0xb77a0500 1 4 19
0xb77a0147 1 5 23
0xb779f91f 0 14 80
0xb779f904 1 5 27
0xb779f8f7 1 3 13
0xb77a0597 1 2 11
0xb779fb95 1 3 10
0xb779fb9f 1 1 5
0xb779fba4 1 3 11
0xb779fbaf 1 5 26
0xb779fbc9 0 2 8
0xb779fb46 0 14 52
0xb779fac1 1 5 19
0xb779fad4 1 7 25
0xb779faed 0 6 25
0xb779fadc 2 5 17
0xb779faed 1 6 25
0xb779fb06 1 3 8
0xb779fb0e 1 5 27
0xb779fb29 1 3 13
0xb779fb3f 1 3 7
0xb77a0537 1 11 65
0xb779fb36 1 2 9
0xb779fb3f 0 3 7
0xb779fb46 0 14 52
0xb77a00fd 1 6 27
0xb77a0118 1 4 9
0xb77a0121 0 6 22
0xb77a0124 1 5 19
0xb77a0137 1 2 8
0xb77a013f 1 2 8
0xb77a0074 1 9 53
0xb779ffa6 1 3 15
0xb779ffb5 0 3 14
0xb779ffc3 0 3 11
0xb779ffce 1 3 10
0xb779ffd8 1 3 18
0xb779ffea 1 2 9
0xb779fff3 0 14 62
0xb77a0053 1 3 18
0xb77a0065 1 3 6
0xb77a006b 1 2 9
0xb779ff9e 1 2 8
0xb77a00a9 1 1 5
0xb77a00ae 1 3 14
0xb77a00bc 1 3 9
0xb77a00c5 1 2 12
0xb77a00d1 1 1 5
0xb77a00d6 1 6 8
0xb779f8ec 1 2 11
0xb779f8db 1 3 17
0xb779f8cd 1 3 14
0xb779ff56 1 2 8
0xb779ff02 1 10 46
0xb779ffad 1 2 8
0xb779ffb5 0 3 14
0xb779ffc3 0 3 11
0xb779ff30 3 9 38
0xb779ff56 2 2 8
0xb779ff5e 2 11 45
0xb77a1265 1 4 18
0xb77a1277 0 1 2
0xb779f8c5 1 2 8
0xb779ff5e 0 11 45
0xb779ff8b 1 3 10
0xb779ff95 0 2 9
0xb779ff9e 0 2 8
0xb779ffa6 2 3 15
0xb779ffb5 1 3 14
0xb779ffc3 1 3 11
0xb779ff8b 2 3 10
0xb779ff95 1 2 9
0xb779f01d 5 2 9
0xb779ef50 1 4 17
0xb779ef61 1 12 52
0xb779ef95 1 2 12
0xb779efa1 1 11 68
0xb779efe5 1 11 56
0xb779f043 1 3 11
0xb779f04e 0 1 2
0xb779f050 0 2 12
0xb779f210 1 4 13
0xb779f038 9 3 11
0xb779f043 8 3 11
0xb779f04e 8 1 2
0xb779ef2a 1 7 38
0xb779f026 4 2 9
0xb779f02f 3 2 9
0xb779f26c 1 8 37
0xb779f291 1 2 12
0xb779f21d 2 6 21
0xb779f232 1 5 19
0xb779f245 1 3 16
0xb779f255 1 2 12
0xb779f261 1 2 11
0xb779f238 1 4 13
0xb779f245 1 3 16
0xb779f255 0 2 12
0xb779fa2a 1 4 16
0xb779f96f 0 11 41
0xb779f998 0 5 17
0xb77a04f0 1 4 16
0xb779f96f 1 11 41
0xb779f998 1 5 17
0xb779f9a9 1 7 32
0xb779f9c9 1 3 14
0xb779f9d7 1 5 23
0xb779f9ee 1 5 19
0xb779fa0a 1 3 18
0xb779f91f 1 14 80
0xb779fa1c 1 3 14
0xb77a12e5 1 2 9
0xb779fa3a 1 3 14
0xb779fa48 1 6 38
0xb779fa6e 1 2 8
0xb779fa76 1 4 20
0xb779fa8a 1 4 16
0xb779fa9a 1 9 39
0xb779ecf0 1 6 11
0xb779ecfb 1 14 80
0xb779ed4b 1 4 17
0xb779ed5c 0 16 85
0xb779edb1 0 7 34
0xb77a00ee 0 4 15
0xb779f174 1 4 17
0xb779f185 1 5 15
0xb779f194 1 4 13
0xb779f1c4 1 2 5
0xb779f1c9 0 4 16
0xb779f1d9 0 5 18
0xb779f1a1 16 9 35
0xb779f1c4 16 2 5
0xb779f1c9 2 4 16
0xb779fee0 1 4 14
0xb779feee 0 3 14
0xb77a00de 1 4 16
0xb779f29d 1 4 13
0xb77a05a8 1 4 16
0xb77a05b8 1 4 15
0xb779f1c4 3 2 5
0xb779f1c9 2 4 16
0xb779f1d9 3 5 18
0xb779f2aa 1 4 16
0xb779f2ba 0 3 7
0xb779f2c1 0 5 16
0xb779f34a 1 4 13
0xb779f357 1 3 12
0xb779f363 0 4 13
0xb779f0f2 1 2 4
0xb779f152 1 2 8
0xb779f132 1 8 32
0xb779f128 1 3 10
0xb779f11a 1 3 14
0xb779f128 0 3 10
0xb779f10a 0 5 30
0xb779f106 1 2 4
0xb779f10a 0 5 30
0xb779f0f6 0 4 20
0xb779f167 1 2 13
0xb779f0f6 0 4 20
0xb779f0ea 0 4 12
0xb779f0c8 1 7 34
0xb779f1eb 1 5 23
0xb779f202 1 3 14
0xb779f068 1 2 5
0xb779f05c 2 2 12
0xb779f050 3 2 12
0xb779fe52 0 8 42
0xb779fe3c 1 4 22
0xb779fe17 1 6 37
0xb779f167 0 2 13
0xb779f15a 0 2 13
0xb77a19d0 1 4 16
0xb77a19e0 1 6 28
0xb77a19fc 1 2 4
0xb77a1a00 0 3 6
0xb77a1a06 0 4 11
0xb77a1a06 1 4 11
0xb77a1c38 1 4 10
0xb77a1d7a 1 6 17
0xb77a1d72 1 3 8
0xb77a1d39 1 17 57
0xb77a1d27 1 4 18
0xb77a1aa5 4 2 5
0xb77a1ac0 0 3 10
0xb77a1c42 0 3 14
0xb77a1c50 1 4 16
0xb77a1c60 0 4 19
0xb77a1d90 1 4 16
0xb77a1da0 1 4 19
0xb77a1d40 7 15 50
0xb77a1bd2 1 14 75
0xb77a1bc0 1 3 18
0xb77a1c2a 1 6 8
0xb77a1c1d 1 2 13
0xb77a1a30 1 6 11
0xb77a1d8b 1 1 5
0xb77a1d7a 7 6 17
0xb77a1d72 7 3 8
0xb77a1a88 5 9 29
0xb77a1d8b 0 1 5
0xb77a1a3b 1 11 48
0xb77a1a6b 1 3 10
0xb77a1aa5 16 2 5
0xb77a1aaa 13 7 22
0xb77a1ab1 1 6 15
0xb77a1a78 6 4 16
0xb77a1ca8 1 10 41
0xb77a1b74 1 3 10
0xb77a1b7e 1 2 10
0xb77a1b88 1 3 14
0xb77a1b96 1 3 14
0xb77a1ba4 1 3 14
0xb77a1bb2 0 3 14
0xb77a1c78 1 2 8
0xb77a1c80 1 7 22
0xb77a1c96 1 4 18
0xb77a1b6a 1 2 10
0xb77a1cd1 1 4 10
0xb77a1cdb 1 4 9
0xb77a1ce4 1 3 12
0xb77a1cf0 1 3 9
0xb77a1d10 1 4 9
0xb77a1d19 0 3 14
0xb77a1d27 0 4 18
0xb77a1d00 11 4 16
0xb77a1d10 11 4 9
0xb77a1aee 1 4 13
0xb77a1ac0 0 3 10
0xb77a1aca 0 3 10
0xb77a1aaa 1 7 22
0xb77a1ac0 0 3 10
0xb77a1aca 0 3 10
0xb77a1ac0 1 3 10
0xb77a1aca 1 3 10
0xb77a1ad4 1 4 13
0xb77a1ae1 1 4 13
0xb77a1d19 1 3 14
0xb77a1afb 1 4 13
0xb77a1b08 1 4 13
0xb77a1b15 1 4 13
0xb77a1b22 1 4 13
0xb77a1b2f 1 4 13
0xb77a1b3c 1 2 10
0xb77a1b46 1 3 10
0xb77a1b50 1 3 16
0xb77a1b60 1 3 10
0xb77a2097 1 5 16
0xb77a2087 1 4 16
0xb77a207f 1 4 8
0xb77a2074 1 3 11
0xb77a205c 1 6 24
0xb77a2050 1 3 12
0xb77a223b 1 8 37
0xb77a216a 1 2 5
0xb77a2260 1 5 18
0xb77a2272 1 7 26
0xb77a231a 1 9 23
0xb77a2110 1 2 5
0xb77a2106 1 3 10
0xb77a20fe 1 2 8
0xb77a228c 1 5 18
0xb77a20f4 2 3 10
0xb77a229e 1 7 21
0xb77a20e0 1 5 20
0xb77a22f7 1 9 35
0xb77a2228 0 3 12
0xb77a2218 1 4 16
0xb77a216f 0 5 19
0xb77a2373 1 2 12
0xb77a2160 2 3 10
0xb77a2115 0 1 5
0xb77a212c 1 2 7
0xb77a2133 1 5 20
0xb77a2147 1 4 18
0xb77a2159 1 2 4
0xb77a216a 1 2 5
0xb77a216f 0 5 19
0xb77a22d6 0 8 30
0xb77a20b9 1 13 59
0xb77a22c3 1 5 19
0xb77a20b0 1 5 9
0xb77a22b3 1 6 16
0xb77a22b8 7 4 11
0xb77a26d6 1 5 17
0xb77a26c8 0 3 8
0xb77a26d0 0 2 6
0xb77a26b0 5 6 19
0xb77a273b 1 2 4
0xb77a2724 1 5 23
0xb77a26e7 1 6 20
0xb77a26a5 1 2 5
0xb77a25b7 1 7 36
0xb77a25ab 1 3 12
0xb77a26d0 1 2 6
0xb77a26c8 1 3 8
0xb77a26c3 1 2 5
0xb77a26c3 5 2 5
0xb77a268f 1 6 22
0xb77a25db 1 5 16
0xb77a25eb 1 5 26
0xb77a2605 1 2 8
0xb77a260d 1 4 15
0xb77a261c 1 7 32
0xb77a263c 1 2 8
0xb77a2644 1 3 13
0xb77a2651 1 2 11
0xb77a265c 1 3 14
0xb77a2510 9 9 21
0xb77a266a 1 3 14
0xb77a2700 1 10 32
0xb77a2538 9 3 10
0xb77a2678 1 7 23
0xb77a2542 0 3 12
0xb77a2598 9 4 19
0xb77a25ab 8 3 12
0xb77a25b7 0 7 36
0xb77a2525 9 6 19
0xb77a273f 0 4 13
0xb77a274c 0 6 16
0xb77a2720 1 7 27
0xb77a27a4 9 7 11
0xb77a273b 1 2 4
0xb77a273f 1 4 13
0xb77a274c 1 6 16
0xb77a2785 0 4 14
0xb77a275c 1 3 10
0xb77a2766 1 9 31
0xb77a2bd7 7 3 9
0xb77a2c98 1 3 7
0xb77a2cf7 8 6 28
0xb77a2c01 8 6 28
0xb77a2c1d 8 5 18
0xb77a2be0 7 9 33
0xb77a2db8 1 3 15
0xb77a2d59 1 2 8
0xb77a2b98 8 2 9
0xb77a2bc4 8 4 19
0xb77a2d4f 7 4 18
0xb77a2ad4 1 7 34
0xb77a2be0 1 9 33
0xb77a2d4f 0 4 18
0xb77a2d40 1 4 15
0xb77a2d3c 8 2 4
0xb77a2d13 8 10 41
0xb77a2ac0 1 8 20
0xb77a2c9f 1 3 11
0xb77a2b55 1 7 25
0xb77a2af6 1 21 95
0xb77a2b6e 1 4 17
0xb77a2c2f 8 11 45
0xb77a2b7f 1 4 21
0xb77a2bd9 1 2 7
0xb77a2c5c 8 5 20
0xb77a2c70 0 6 21
0xb77a2c85 0 4 19
0xb77a2ba1 0 5 26
0xb77a2bbb 0 2 9
0xb77a2cf0 8 3 7
0xb77a2cdd 1 8 15
0xb77a2ccf 1 3 14
0xb77a2caf 1 7 32
0xb77a2caa 0 2 5
0xb77a36e1 1 2 4
0xb77a36e5 1 4 16
0xb77a371a 1 4 14
0xb77a36e5 0 4 16
0xb77a36f5 1 4 14
0xb77a3703 1 4 16
0xb77a3713 0 5 21
0xb77a36ac 1 3 7
0xb77a36de 0 3 7
0xb77a36da 1 2 4
0xb77a36de 0 3 7
0xb77a36d7 0 3 7
0xb77a36ca 1 4 13
0xb77a36c0 1 3 10
0xb77a36b3 1 3 13
0xb77a3728 0 3 14
0xb77a3728 1 3 14
0xb77a3736 1 7 30
0xb77a3754 1 3 10
0xb77a375e 1 5 22
0xb77a3774 1 2 8
0xb77a377c 1 2 13
0xb77a3789 1 6 29
0xb77a37a6 1 2 7
0xb77a37ad 1 2 6
0xb77a37b3 1 3 11
0xb77a37be 1 2 13
0xb77a37cb 1 11 50
0xb77a37fd 1 3 10
0xb77a3807 1 3 14
0xb77a3815 1 7 10
0xb77a2ed0 1 6 11
0xb77a3308 1 3 14
0xb77a3228 2 8 31
0xb77a3247 2 24 102
0xb77a32bf 2 8 27
0xb77a32ad 1 3 11
0xb77a32b8 0 9 34
0xb77a314c 4 2 11
0xb77a3157 3 2 11
0xb77a3162 2 2 5
0xb77a3167 1 3 7
0xb77a316e 1 5 23
0xb77a3185 0 9 46
0xb77a3318 1 5 19
0xb77a3192 1 7 33
0xb77a31b3 1 1 5
0xb77a31b8 1 4 21
0xb77a3208 2 7 32
0xb77a32f0 1 5 23
0xb77a3330 1 3 14
0xb77a333e 1 13 61
0xb77a337b 1 13 59
0xb77a33b6 1 3 15
0xb77a33c5 1 8 34
0xb77a33e7 1 5 20
0xb77a33fb 1 6 25
0xb77a36ac 0 3 7
0xb77a3422 0 13 56
0xb77a34ba 2 7 29
0xb77a34d7 1 4 13
0xb77a34e4 1 12 48
0xb77a3514 1 2 9
0xb77a351d 0 3 17
0xb77a3003 1 2 9
0xb77a2edb 1 7 34
0xb77a2efd 1 7 35
0xb77a2f20 1 2 8
0xb77a2f28 1 6 31
0xb77a2f47 1 7 23
0xb77a2f67 1 2 9
0xb77a2f70 1 6 20
0xb77a2f84 0 6 25
0xb77a2f60 3 3 7
0xb77a2f67 2 2 9
0xb77a2f70 2 6 20
0xb77a2fd0 1 3 11
0xb77a2fdb 1 2 10
0xb77a2fe5 1 2 13
0xb77a2ff2 1 4 17
0xb77a3414 1 4 14
0xb77a300c 1 11 44
0xb77a3038 1 4 13
0xb77a3045 1 13 54
0xb77a307b 1 17 80
0xb77a30cb 1 7 47
0xb77a313f 2 3 11
0xb77a314a 1 1 2
0xb77a314c 0 2 11
0xb77a32e0 1 3 14
0xb77a3128 9 6 23
0xb77a313f 8 3 11
0xb77a314a 8 1 2
0xb77a3100 5 2 9
0xb77a3109 3 2 5
0xb77a310e 1 12 49
0xb77a35cc 5 7 21
0xb77a35ac 1 4 11
0xb77a3907 1 5 21
0xb77a38f7 1 4 16
0xb77a38e2 0 5 21
0xb77a38d6 1 4 12
0xb77a38c2 0 4 20
0xb77a38b8 1 4 10
0xb77a33ee 1 4 13
0xb77a35b7 18 2 5
0xb77a35a8 18 5 15
0xb77a35b7 1 2 5
0xb77a35bc 5 4 16
0xb77a35b7 7 2 5
0xb77a359b 1 2 7
0xb77a358c 1 5 15
0xb77a3577 1 6 21
0xb77a3566 1 4 17
0xb77a39b9 0 2 11
0xb77a39b0 1 2 9
0xb77a397d 1 10 51
0xb77a34ba 0 7 29
0xb77a3626 1 5 16
0xb77a369f 0 3 13
0xb77a3698 1 3 7
0xb77a3d92 0 8 42
0xb77a3d89 1 2 9
0xb77a368c 1 3 12
0xb77a367c 1 5 16
0xb77a3669 1 5 19
0xb77a3656 1 5 19
0xb77a3646 1 5 16
0xb77a363f 1 3 7
0xb77a35bc 3 4 16
0xb77a3616 1 5 16
0xb77a3606 1 5 16
0xb77a35f6 1 5 16
0xb77a35ef 1 3 7
0xb77a35e1 1 3 14
0xb77a35ef 0 3 7
0xb77a35e1 0 3 14
0xb77a35cc 2 7 21
0xb77a35bc 0 4 16
0xb77a33fb 0 6 25
0xb77a3414 1 4 14
0xb77a3414 0 4 14
0xb77a3406 1 3 14
0xb77a3422 1 13 56
0xb77a34ae 1 2 12
0xb77a3460 1 2 8
0xb77a3468 1 2 13
0xb77a349d 1 4 17
0xb77a3475 1 8 40
0xb77a4888 0 3 9
0xb77a4870 3 9 24
0xb77a4891 3 4 12
0xb77a4891 0 4 12
0xb77a49d0 14 4 15
0xb77a49c9 1 5 22
0xb77a4ad7 1 3 11
0xb77a4b7d 1 4 16
0xb77a4977 1 21 82
0xb77a4967 1 5 16
0xb77a4bc9 0 8 31
0xb77a4acf 1 2 8
0xb77a49df 2 2 5
0xb77a4a6e 1 3 14
0xb77a4a5c 1 4 18
0xb77a49e4 1 17 62
0xb77a4a38 1 7 36
0xb77a49df 0 2 5
0xb77a49c9 1 5 22
0xb77a49c3 1 3 6
0xb77a4a22 1 6 16
0xb77a493d 1 11 42
0xb77a48eb 1 9 44
0xb77a48e0 1 6 11
0xb77a4b4f 1 10 46
0xb77a4b41 1 3 14
0xb77a4b32 1 3 15
0xb77a4b20 27 7 18
0xb77a4b32 0 3 15
0xb77a4917 1 4 21
0xb77a492c 1 4 17
0xb77a4b8d 1 7 18
0xb77a4abf 1 3 16
0xb77a4ab3 1 3 12
0xb77a4aa8 1 3 11
0xb77a4bfa 1 2 15
0xb77a4bb8 1 4 17
0xb77a4b18 1 9 26
0xb77a4b07 1 6 17
0xb77a4ae2 1 11 37
0xb77a53c0 0 2 7
0xb77a4dfd 4 3 7
0xb77a4e20 1 7 15
0xb77a4e1c 5 2 4
0xb77a4f70 0 8 37
0xb77a4e3d 1 3 14
0xb77a4e4b 1 4 24
0xb77a4e63 1 2 8
0xb77a4dfd 0 3 7
0xb77a4e04 0 3 11
0xb77a5390 4 3 11
0xb77a539b 2 7 25
0xb77a4f65 0 4 11
0xb77a4e04 3 3 11
0xb77a4e0f 3 2 4
0xb77a4e13 3 3 9
0xb77a53b4 2 3 12
0xb77a4df0 4 2 13
0xb77a4e30 1 3 13
0xb77a4e3d 0 3 14
0xb77a4e4b 0 4 24
0xb77a4f58 1 2 13
0xb77a531c 1 2 8
0xb77a4ef1 1 17 83
0xb77a4fc8 1 3 14
0xb77a5215 1 7 25
0xb77a5258 1 2 4
0xb77a525c 0 16 78
0xb77a5230 1 3 14
0xb77a523e 0 6 26
0xb77a523e 1 6 26
0xb77a52c5 1 4 19
0xb77a52d8 1 3 12
0xb77a52e4 1 5 22
0xb77a52fa 1 8 34
0xb77a5200 1 4 21
0xb77a5324 0 3 11
0xb77a532f 0 16 74
0xb77a4e13 2 3 9
0xb77a50eb 1 3 12
0xb77a50f7 1 3 13
0xb77a4fd6 1 2 13
0xb77a4fe3 1 3 13
0xb77a5104 1 2 13
0xb77a5111 1 3 13
0xb77a511e 1 8 43
0xb77a4f44 1 8 17
0xb77a4ff0 1 16 78
0xb77a50a5 1 7 32
0xb77a503e 1 3 7
0xb77a5045 0 2 9
0xb77a4e0f 2 2 4
0xb77a4e04 2 3 11
0xb77a4dcf 2 6 29
0xb77a4dbc 2 3 19
0xb77a4daa 2 4 18
0xb77a4d90 2 9 26
0xb77a504e 0 2 13
0xb77a509e 1 2 7
0xb77a4ed5 1 7 28
0xb77a50c5 1 2 8
0xb77a50cd 1 4 23
0xb77a4fac 1 4 20
0xb77a505b 0 4 18
0xb77a504e 1 2 13
0xb77a5170 0 2 8
0xb77a515d 1 4 19
0xb77a4fc0 1 2 8
0xb77a5150 1 3 13
0xb77a5149 1 3 7
0xb77a50e4 1 2 7
0xb77a4fa4 1 2 8
0xb77a4e76 0 4 16
0xb77a4e6b 0 2 11
0xb77a5918 1 6 17
0xb77a5929 0 14 45
0xb77a5956 0 5 19
0xb77a595f 1 2 10
0xb77a5969 0 8 15
0xb77a5896 12 8 26
0xb77a59b0 11 10 21
0xb77a5998 1 7 12
0xb77a5880 12 9 22
0xb77a5888 1 4 14
0xb77a5896 0 8 26
0xb77a58b0 0 2 9
0xb77a58b0 0 2 9
0xb77a5978 58 2 5
0xb77a5984 47 6 20
0xb77a597d 58 3 7
0xb77a5896 47 8 26
0xb77a58b0 1 2 9
0xb77a58b9 1 14 42
0xb77a5caf 0 8 42
0xb77a5e8e 1 1 5
0xb77a5e0b 1 2 8
0xb77a5e13 1 2 13
0xb77a5e20 0 4 18
0xb77a5d51 1 5 17
0xb77a5e3c 1 8 26
0xb77a5e56 1 3 10
0xb77a5e60 1 2 5
0xb77a5d43 1 4 14
0xb77a5e7a 1 4 20
0xb77a5e65 1 3 11
0xb77a5e70 0 3 10
0xb77a5e7a 0 4 20
0xb77a5b3a 1 7 10
0xb77a5acc 1 10 31
0xb77a5de9 0 4 13
0xb77a5a2a 1 4 19
0xb77a5a3d 1 5 26
0xb77a5a57 1 5 20
0xb77a5a6b 3 2 8
0xb77a5a73 3 4 11
0xb77a5a7e 0 18 78
0xb77a5a5f 3 3 12
0xb77a5a6b 1 2 8
0xb77a5a73 0 4 11
0xb77a5a7e 0 18 78
0xb77a5bd2 1 11 33
0xb77a5a8e 1 16 62
0xb77a5ca3 1 3 12
0xb77a5aeb 0 1 2
0xb77a5b19 1 3 13
0xb77a5df6 1 2 4
0xb77a5de9 1 4 13
0xb77a5b26 11 2 9
0xb77a5b2f 10 1 2
0xb77a5b31 7 3 7
0xb77a5af7 7 11 34
0xb77a5b19 7 3 13
0xb77a5af0 3 3 7
0xb77a5af7 3 11 34
0xb77a5b19 3 3 13
0xb77a5de4 0 2 5
0xb77a5dfa 0 2 8
0xb77a5d85 1 4 15
0xb77a5d94 1 2 4
0xb77a59e0 1 5 9
0xb77a59e9 1 5 26
0xb77a5a03 1 4 18
0xb77a5a15 0 2 11
0xb77a5bf3 1 4 22
0xb77a5d98 1 6 22
0xb77a5db4 1 4 13
0xb77a5dc1 0 3 9
0xb77a5dca 0 4 15
0xb77a5ddd 1 3 7
0xb77a5c09 1 3 13
0xb77a5c16 1 4 19
0xb77a5c29 1 6 30
0xb77a5c47 1 2 8
0xb77a5c4f 1 11 44
0xb77a5c7b 1 5 26
0xb77a5c95 1 2 4
0xb77a5c99 0 4 22
0xb77a5caf 0 8 42
0xb77a5d62 0 1 2
0xb77a5fb0 1 2 6
0xb77a5fb6 1 6 23
0xb77a5fdf 1 4 15
0xb77a5fcd 1 4 18
0xb77a61a5 0 1 5
0xb77a6130 100 7 22
0xb77a619d 99 3 8
0xb77a6188 99 6 21
0xb77a60fc 21 9 31
0xb77a60dc 22 2 8
0xb77a60c8 22 6 20
0xb77a60e4 22 5 16
0xb77a60f4 21 2 8
0xb77a6148 1 2 4
0xb77a614c 1 10 31
0xb77a616b 0 2 5
0xb77a611b 0 3 7
0xb77a6122 0 2 4
0xb77a60fc 78 9 31
0xb77a6070 100 9 32
0xb77a60f4 78 2 8
0xb77a60e4 78 5 16
0xb77a60c3 100 2 5
0xb77a60b5 100 3 14
0xb77a60a2 100 5 19
0xb77a61c6 0 2 7
0xb77a61b9 100 3 13
0xb77a60b5 0 3 14
0xb77a60a2 0 5 19
0xb77a6090 100 4 18
0xb77a675e 104 7 27
0xb77a62ae 1 2 13
0xb77a62a7 110 2 7
0xb77a627f 110 7 40
0xb77a637d 2 7 10
0xb77a6370 93 3 13
0xb77a6779 104 4 13
0xb77a6795 104 4 10
0xb77a6788 95 4 13
0xb77a679f 49 10 37
0xb77a6358 101 3 7
0xb77a6350 107 3 8
0xb77a6348 107 3 8
0xb77a6339 107 3 15
0xb77a6309 211 14 48
0xb77a62e7 211 9 34
0xb77a62d5 211 4 18
0xb77a62c8 211 2 13
0xb77a62bb 211 2 13
0xb77a62ae 1 2 13
0xb77a62a7 102 2 7
0xb77a622f 102 24 120
0xb77a6795 91 4 10
0xb77a6210 102 10 31
0xb77a679f 51 10 37
0xb77a67c4 100 2 4
0xb77a635f 1 2 9
0xb77a6358 4 3 7
0xb77a6350 4 3 8
0xb77a6348 4 3 8
0xb77a6339 4 3 15
0xb77a635f 18 2 9
0xb77a63ea 0 4 14
0xb77a63da 0 3 16
0xb77a63d0 14 3 10
0xb77a6368 19 2 8
0xb77a6370 19 3 13
0xb77a637d 0 7 10
0xb77a63a6 100 13 37
0xb77a63a1 86 2 5
0xb77a639c 86 2 5
0xb77a6390 100 4 12
0xb77a67c8 100 1 5
0xb77a6cbc 2 4 16
0xb77a6a7f 100 10 20
0xb77a6cb5 0 3 7
0xb77a6caa 2 4 11
0xb77a6ca1 2 4 9
0xb77a6a34 0 4 16
0xb77a6a2b 0 4 9
0xb77a6a1d 2 4 14
0xb77a69ce 0 22 75
0xb77a69c5 2 4 9
0xb77a69b8 2 4 13
0xb77a6a87 2 7 12
0xb77a6a19 102 2 4
0xb77a6a1d 100 4 14
0xb77a6a2b 100 4 9
0xb77a6a34 100 4 16
0xb77a6a44 100 6 28
0xb77a6a60 100 3 14
0xb77a6a6e 100 3 17
0xb77a7035 1 2 15
0xb77a69d0 102 21 73
0xb77a69a5 102 5 14
0xb77a6996 102 3 15
0xb77a6986 102 5 16
0xb77a6979 99 2 13
0xb77a6956 102 7 35
0xb77a6940 1161 9 22
0xb77a6956 0 7 35
0xb77a693e 102 10 24
0xb77a6931 102 4 13
0xb77a6910 102 12 33
0xb77a7760 4 4 18
0xb77a7772 4 6 22
0xb77a7788 3 8 24
0xb77a77a0 3 17 67
0xb77a77cf 1 6 20
0xb77a77ea 1 8 31
0xb77a77e3 1 3 7
0xb77a7891 1 14 68
0xb77a7888 2 4 9
0xb77a788a 2 3 7
0xb77a7891 1 14 68
0xb77a78d5 3 6 20
0xb77a7840 3 3 12
0xb77a784c 3 9 37
0xb77a7871 3 5 16
0xb77a7881 1 1 2
0xb77a78e9 1 2 4
0xb77a7897 1 12 62
0xb77a79f6 2 8 40
0xb77a7a1e 2 5 17
0xb77a7a2f 1 1 5
0xb77a7b40 2 3 14
0xb77a7b4e 1 2 11
0xb77a7b59 0 2 11
0xb77a7c16 1 2 10
0xb77a7bc0 10 4 11
0xb77a7b93 1 3 6
0xb77a7a3a 1 3 10
0xb77a7a44 1 4 16
0xb77a7a54 0 7 34
0xb77a7a5b 1 6 27
0xb77a7a76 1 3 12
0xb77a7a82 1 5 21
0xb77a7a97 0 6 19
0xb77a7b8b 1 2 8
0xb77a7bcf 1 3 14
0xb77a7b99 1 7 31
0xb77a7bb8 1 1 2
0xb77a7bc2 1 3 9
0xb77a7bcb 0 2 4
0xb77a7bcf 0 3 14
0xb77a7b89 1 1 2
0xb77a7bcb 1 2 4
0xb77a78f0 3 5 9
0xb77a7a54 2 7 34
0xb77a7b77 2 5 18
0xb77a7a2f 1 1 5
0xb77a7a2b 1 2 4
0xb77a7a1e 0 5 17
0xb77a79f6 1 8 40
0xb77a79e8 15 4 14
0xb77a79f6 0 8 40
0xb77a79e3 1 6 19
0xb77a79d2 3 5 17
0xb77a7b68 3 2 15
0xb77a79e3 0 6 19
0xb77a79d2 0 5 17
0xb77a7996 3 13 60
0xb77a7962 3 13 52
0xb77a78f9 3 8 33
0xb77a791a 3 4 16
0xb77a7a76 0 3 12
0xb77a792a 0 7 38
0xb77a7b20 3 3 16
0xb77a7b10 3 7 12
0xb77a7931 3 6 31
0xb77a7b30 1 3 12
0xb77a7950 3 5 18
0xb77a7e82 3 4 12
0xb77a7e7e 3 2 4
0xb77a7e68 3 5 22
0xb77a7e42 3 12 38
0xb77a7e30 3 4 18
0xb77a83a7 3 7 9
0xb77a83ea 1 3 11
0xb77a8120 0 7 24
0xb77a8138 0 5 14
0xb77a8396 3 3 10
0xb77a83a0 3 2 7
0xb77a80fb 3 13 37
0xb77a807a 0 6 22
0xb77a85f9 1 5 17
0xb77a860a 1 1 6
0xb77a8610 1 3 6
0xb77a8616 0 6 21
0xb77a8618 1 5 19
0xb77a862b 1 3 12
0xb77a8637 1 1 5
0xb77a805c 1 4 17
0xb77a806d 1 5 13
0xb77a85f2 1 3 7
0xb77a8048 7 6 20
0xb77a805c 7 4 17
0xb77a806d 7 5 13
0xb77a8850 2 3 14
0xb77a885e 2 1 5
0xb77a8151 2 2 5
0xb77a8156 0 10 27
0xb77a8171 0 4 17
0xb77a8415 1 25 87
0xb77a85a3 1 5 17
0xb77a85b4 1 4 14
0xb77a85c2 1 3 14
0xb77a88d7 1 7 23
0xb77a83dd 1 4 13
0xb77a83ea 1 3 11
0xb77a83f5 1 4 17
0xb77a8406 1 4 15
0xb77a8598 1 3 11
0xb77a846c 1 3 11
0xb77a8477 1 7 23
0xb77a848e 1 2 12
0xb77a849a 1 8 25
0xb77a84b3 1 2 10
0xb77a84bd 1 2 10
0xb77a84c7 1 20 68
0xb77a850b 1 17 61
0xb77a849a 2 8 25
0xb77a886b 1 3 12
0xb77a8877 1 4 13
0xb77a8898 1 4 9
0xb77a88a1 0 1 5
0xb77a8888 1250 4 16
0xb77a8898 1250 4 9
0xb77a88a1 1 1 5
0xb77a83f5 2 4 17
0xb77a8406 2 4 15
0xb77a8415 2 25 87
0xb77a846c 2 3 11
0xb77a8477 2 7 23
0xb77a848e 2 2 12
0xb77a8863 1 2 8
0xb77a84b3 2 2 10
0xb77a84bd 2 2 10
0xb77a84c7 2 20 68
0xb77a850b 2 17 61
0xb77a8548 95 9 29
0xb77a8565 93 4 9
0xb77a856e 93 4 16
0xb77a857e 112 2 10
0xb77a8588 0 5 15
0xb77a8640 112 4 14
0xb77a8651 10 5 17
0xb77a8662 0 1 5
0xb77a88cf 2 2 8
0xb77a7f20 3 8 20
0xb77a7f34 3 10 38
0xb77a7f5a 3 7 29
0xb77a7f77 3 3 11
0xb77a85d0 3 4 17
0xb77a7f82 3 2 13
0xb77a7f8f 3 3 11
0xb77a7f9a 3 6 29
0xb77a7fb7 3 7 39
0xb77a7fde 3 9 25
0xb77a7ff7 3 2 10
0xb77a88c3 3 4 12
0xb77a8428 109 20 68
0xb77a88d7 0 7 23
0xb77a8fbc 2 4 14
0xb77a8001 3 13 50
0xb77a8033 0 2 5
0xb77a8038 0 9 36
0xb77a83b0 3 8 24
0xb77a83c8 2 4 14
0xb77a83d6 0 5 20
0xb77a88a6 2 2 7
0xb77a83d6 2 5 20
0xb77a8dc2 3 7 24
0xb77a83f5 0 4 17
0xb77a8c0c 3 4 16
0xb77a857e 0 2 10
0xb77a84da 14 14 49
0xb77a850b 14 17 61
0xb77a807a 4 6 22
0xb77a8090 1 8 42
0xb77a80ba 0 11 30
0xb77a8a30 3 4 16
0xb77a801c 3 7 23
0xb77a8033 3 2 5
0xb77a8038 1 9 36
0xb77a8082 2 3 14
0xb77a8090 2 8 42
0xb77a80ba 0 11 30
0xb77a856e 0 4 16
0xb77a80d1 3 3 7
0xb77a80d8 3 2 10
0xb77a80e2 3 18 62
0xb77a813e 6 3 8
0xb77a8146 4 3 11
0xb77a8151 2 2 5
0xb77a8174 6 3 14
0xb77a8182 6 4 15
0xb77a8191 0 20 75
0xb77a8368 6 3 14
0xb77a8376 3 3 11
0xb77a8381 3 4 21
0xb77a86b3 10 3 15
0xb77a846c 109 3 11
0xb77a8477 109 7 23
0xb77a848e 97 2 12
0xb77a849a 92 8 25
0xb77a84b3 78 2 10
0xb77a84bd 78 2 10
0xb77a84c7 78 20 68
0xb77a850b 78 17 61
0xb77a855f 17 3 6
0xb77a8565 17 4 9
0xb77a856e 17 4 16
0xb77a86a8 10 3 11
0xb77a86c2 10 8 24
0xb77a8668 2 2 4
0xb77a866c 2 6 23
0xb77a8683 0 1 5
0xb77a8672 89 5 17
0xb77a8683 2 1 5
0xb77a922a 5 7 23
0xb77a9241 5 2 10
0xb77a924b 5 2 10
0xb77a9255 5 14 47
0xb77a9284 5 5 27
0xb77a856a 2 2 4
0xb77a9c2a 1 6 23
0xb77a9c41 2 7 22
0xb77a9bf0 2 15 55
0xb77a9c27 1 7 26
0xb77aa03e 1 3 16
0xb77a9ded 2 2 8
0xb77a9dd4 2 6 25
0xb77a9dcb 2 2 9
0xb77aa1c0 1 13 47
0xb77aa94b 1 1 5
0xb77aa941 1 2 10
0xb77aa925 1 8 28
0xb77aa075 0 2 6
0xb77aa064 1 4 17
0xb77aa04e 1 6 22
0xb77aa1ef 1 23 74
0xb77aa021 2 8 29
0xb77aa013 2 4 14
0xb77aa021 1 8 29
0xb77a9feb 1 14 54
0xb77a9fe0 1 3 11
0xb77a9fce 1 4 18
0xb77a9f99 1 7 25
0xb77a9f92 1 3 7
0xb77a9f7c 1 6 22
0xb77aa270 1 4 11
0xb77a9c60 1 22 70
0xb77a9ca6 1 9 34
0xb77a9cc8 0 16 56
0xb77a9df5 2 10 33
0xb77aa32e 1 6 10
0xb77aa323 1 3 11
0xb77aa32e 0 6 10
0xb77aa31a 0 5 20
0xb77aa2fa 1 9 32
0xb77aa27b 0 8 32
0xb77a9e8f 1 4 14
0xb77aa254 0 1 2
0xb77aa239 0 9 27
0xb77aa20f 1 15 42
0xb77aa29b 1 4 14
0xb77aa27b 1 8 32
0xb77aa270 1 4 11
0xb77aa265 1 4 11
0xb77aa254 1 1 2
0xb77aa239 1 9 27
0xb77a9d00 0 22 98
0xb77aa603 44 2 7
0xb77a9dd4 0 6 25
0xb77a9dcb 43 2 9
0xb77a9dbe 45 4 13
0xb77a9dcb 1 2 9
0xb77a9daf 1 9 28
0xb77a9da8 2 3 7
0xb77a9e34 2 15 63
0xb77a9e24 2 3 16
0xb77a9e16 2 4 14
0xb77aa60a 44 2 11
0xb77a9d95 2 4 15
0xb77a9d6d 2 13 40
0xb77a9d62 3 3 11
0xb77aa2a9 1 2 12
0xb77a9f4c 2 3 16
0xb77a9f3e 2 3 14
0xb77a9f35 3 2 9
0xb77a9d6d 0 13 40
0xb77a9d62 0 3 11
0xb77a9d6d 0 13 40
0xb77a9e81 1 3 14
0xb77a9e73 1 3 14
0xb77a9f27 1 3 6
0xb77a9f17 1 5 16
0xb77a9f04 1 5 19
0xb77a9eea 1 7 26
0xb77a9ecc 1 9 30
0xb77a9ebf 1 4 13
0xb77a9f5c 1 8 32
0xb77a9d0f 1 17 83
0xb77a9d62 0 3 11
0xb77a9d41 2 7 33
0xb77a9f2d 2 2 8
0xb77a9f27 1 3 6
0xb77a9f17 2 5 16
0xb77a9f0a 2 4 13
0xb77a9e9d 1 8 34
0xb77a9e96 2 3 7
0xb77aa615 0 6 25
0xb77aad22 7 8 16
0xb77aace6 7 5 15
0xb77aacaf 7 12 55
0xb77aac81 7 12 46
0xb77aad18 7 3 10
0xb77aac75 7 4 12
0xb77aad03 7 6 21
0xb77aac6b 7 2 10
0xb77aac34 7 17 55
0xb77aacff 7 2 4
0xb77aac20 7 9 20
0xb77aacf5 7 4 10
0xb77ab70f 2 14 53
0xb77ab6a0 2 3 7
0xb77ab6a7 2 7 38
0xb77ab6cd 2 7 33
0xb77ab6ee 2 3 6
0xb77ab6f4 2 6 27
0xb77ab7aa 1 9 37
0xb77ab78c 1 8 30
0xb77ab780 1 3 12
0xb77ab7cf 1 11 40
0xb77ab911 0 1 5
0xb77ab800 3 9 37
0xb77ab8f2 3 6 20
0xb77ab862 1 2 13
0xb77ab86f 1 2 4
0xb77ab873 1 7 22
0xb77ab889 1 4 14
0xb77ab908 1 2 9
0xb77ab897 0 9 29
0xb77ab8b4 0 15 55
0xb77ab916 1 2 11
0xb77ab921 1 1 2
0xb77ab857 2 3 11
0xb77ab838 3 8 31
0xb77ab825 3 4 19
0xb77ab9b0 2 9 36
0xb77ab9a8 1 11 44
0xb77ab9d9 1 6 10
0xb77ab9d4 3 2 5
0xb77ab960 1 6 11
0xb77ab96b 1 9 43
0xb77ab996 1 2 4
0xb77ab99a 0 2 4
0xb77ab99e 1 3 10
0xb77abbbe 1 4 14
0xb77abba5 1 3 10
0xb77abb88 1 4 12
0xb77abb94 0 1 2
0xb77abb9f 1 3 6
0xb77abba5 0 3 10
0xb77abbaf 0 5 15
0xb77abb98 2 3 7
0xb77abb9f 2 3 6
0xb77abb2e 2 19 52
0xb77abbaf 2 5 15
0xb77abba5 2 3 10
0xb77abb94 2 1 2
0xb77abb75 2 10 31
0xb77abb6b 1 4 10
0xb77abb62 1 2 9
0xb77abb37 1 16 43
0xb77abaea 1 6 17
0xb77abab6 1 16 52
0xb77aba9e 1 6 24
0xb77aba90 1 7 14
0xb77abbbe 1 4 14
0xb77abbcc 0 7 13
0xb77abb0e 2 8 32
0xb77abb62 2 2 9
0xb77abb6b 2 4 10
0xb77abb00 1 4 14
0xb77abb0e 0 8 32
0xb77abbcc 1 7 13
0xb77abbaf 1 5 15
0xb77abfcc 1 6 8
0xb77abe86 0 3 7
0xb77abe8d 2 3 7
0xb77abe94 2 4 20
0xb77abea8 2 4 19
0xb77abebb 1 3 14
0xb77abec9 1 3 11
0xb77abed4 1 3 14
0xb77abdaf 4 2 5
0xb77abfc3 1 2 9
0xb77abd62 1 3 12
0xb77abec9 0 3 11
0xb77abd96 1 5 16
0xb77abe79 1 5 13
0xb77abd7f 1 7 23
0xb77abd6e 1 5 17
0xb77abe18 3 5 17
0xb77abd4d 1 6 21
0xb77abd44 1 4 9
0xb77abd38 1 4 12
0xb77abced 1 11 42
0xb77abcab 1 14 66
0xb77abca0 1 6 11
0xb77abe74 1 2 5
0xb77abebb 0 3 14
0xb77abdfb 1 4 15
0xb77abe0a 1 3 11
0xb77abe15 1 7 20
0xb77abe29 1 5 23
0xb77abef0 2 3 7
0xb77abef7 1 2 13
0xb77abf04 0 3 8
0xb77abe4d 2 2 4
0xb77abe51 1 7 21
0xb77abe66 1 5 14
0xb77abe7f 1 3 7
0xb77abde2 1 6 25
0xb77abdd6 1 3 12
0xb77abdbc 4 7 26
0xb77abdb4 4 2 8
0xb77abe86 1 3 7
0xb77abe8d 1 3 7
0xb77abe94 1 4 20
0xb77abea8 1 4 19
0xb77abe29 2 5 23
0xb77abe40 1 2 13
0xb77abea8 1 4 19
0xb77ac0a0 1 1 2
0xb77ac0a0 1 1 2
0xb77ac130 2 3 7
0xb77ac0f6 1 11 40
0xb77ac137 2 5 15
0xb77ac0ea 1 4 12
0xb77ac0e1 3 4 9
0xb77ac0ea 0 4 12
0xb77ac0d7 0 6 19
0xb77ac0bd 3 7 26
0xb77ac0b0 3 4 13
0xb77ac6f0 1 7 40
0xb77ac6ca 1 7 36
0xb77ac6c2 1 2 8
0xb77ac718 1 2 6
0xb77ac65f 1 9 47
0xb77ac6c2 0 2 8
0xb77ac6b8 1 4 10
0xb77ac6b4 1 2 4
0xb77ac69c 1 5 24
0xb77ac68e 1 4 14
0xb77ac650 1 3 15
0xb77ac81d 23 2 4
0xb77ac7fd 31 4 9
0xb77ac80f 3 4 14
0xb77ac808 31 3 7
0xb77ac821 3 7 14
0xb77ac821 0 7 14
0xb77ac81d 11 2 4
0xb77ac806 0 1 2
0xb77ac7f4 31 3 9
0xb77ac7dc 31 6 24
0xb77ac7d0 31 6 12
0xb77ac830 28 7 11
0xb77ac80f 31 4 14
0xb77ac906 11 2 9
0xb77ac91a 7 3 8
0xb77ac90f 7 3 11
0xb77ac8b0 4 7 13
0xb77ac922 0 9 46
0xb77ac91a 4 3 8
0xb77ac90f 4 3 11
0xb77ac906 4 2 9
0xb77ac8fb 4 4 11
0xb77ac8f0 4 3 11
0xb77ac8df 4 4 17
0xb77ac8bd 4 8 34
0xb77aca15 4 8 14
0xb77aca0a 4 3 11
0xb77ac9f0 4 8 26
0xb77ace38 31 5 15
0xb77acd12 2 16 47
0xb77acf10 1 4 10
0xb77acee3 2 16 45
0xb77aced0 2 6 19
0xb77ace50 1 4 10
0xb77acd41 1 11 40
0xb77ace47 4 4 9
0xb77acce3 2 3 9
0xb77ace5a 0 7 11
0xb77ace50 1 4 10
0xb77acd03 2 4 11
0xb77acce3 5 3 9
0xb77accd8 5 3 11
0xb77accf8 2 3 11
0xb77accf0 2 2 8
0xb77accec 7 2 4
0xb77accd1 2 2 5
0xb77acc94 2 16 61
0xb77acc7d 2 7 23
0xb77acc5a 4 9 35
0xb77acc49 4 4 17
0xb77acc30 4 11 25
0xb77ace5a 0 7 11
0xb77ace28 0 3 7
0xb77aced2 2 5 17
0xb77ace0f 2 8 25
0xb77acdfa 2 5 21
0xb77aceb3 2 9 23
0xb77acf10 1 4 10
0xb77acf1e 4 3 11
0xb77ace97 4 7 28
0xb77ace83 4 5 20
0xb77ace28 1 3 7
0xb77ace6a 4 6 25
0xb77ace65 2 2 5
0xb77ace0f 1 8 25
0xb77ace08 2 3 7
0xb77ace49 28 3 7
0xb77acf29 3 6 16
0xb77acd87 1 4 10
0xb77acd7d 2 4 10
0xb77ace5a 1 7 11
0xb77acd69 4 6 20
0xb77ace53 1 3 7
0xb77acee3 2 16 45
0xb77acf40 34 4 11
0xb77ace50 0 4 10
0xb77ace47 0 4 9
0xb77ace2f 1 7 24
0xb77acd91 0 3 10
0xb77acd87 1 4 10
0xb77acd80 2 3 7
0xb77acd41 0 11 40
0xb77acd10 2 17 49
0xb77acd49 3 9 32
0xb77acf76 3 7 11
0xb77acf4b 34 13 43
0xb77acf76 0 7 11
0xb77acf6f 3 3 7
0xb77acf76 0 7 11
0xb77acf4b 0 13 43
0xb77acf42 3 3 9
0xb77ace5a 0 7 11
0xb77ace50 1 4 10
0xb77ace47 2 4 9
0xb77ace2f 2 7 24
0xb77ace28 2 3 7
0xb77ad0e8 4 7 17
0xb77ad0dc 4 4 12
0xb77ad0d1 4 3 11
0xb77ad0bd 1 2 4
0xb77ad0b0 1 4 13
0xb77ad0a0 1 8 16
0xb77ad0f9 1 7 10
0xb77adcf0 1 3 12
0xb77adcfc 1 9 41
0xb77add25 1 2 4
0xb77add29 1 10 29
0xb77add60 1 3 12
0xb77add6c 1 6 27
0xb77add87 1 9 35
0xb77adf51 1 9 36
0xb77adf75 0 11 31
0xb77ade70 1 5 9
0xb77ade79 1 6 27
0xb77ade94 1 4 15
0xb77adea3 1 3 11
0xb77adeae 1 4 14
0xb77adebc 1 6 42
0xb77adf34 1 7 25
0xb77adf4d 0 10 40
0xb77adfb8 1 17 61
0xb77adf75 1 11 31
0xb77adf94 0 8 33
0xb77adfa6 1 3 15
0xb77adf0d 1 6 25
0xb77adf26 0 3 14
0xb77adf34 0 7 25
0xb77ae1db 1 5 15
0xb77ae180 1 3 12
0xb77ae18c 1 9 42
0xb77ae1b6 1 3 10
0xb77ae1c0 1 5 19
0xb77ae1d3 1 2 8
0xb77ae1e8 1 1 2
0xb77ae1e8 290 1 2
0xb77ae1ea 1 1 2
0xb77ae1ec 1 2 5
0xb77ae1fc 1 6 20
0xb77ae1f8 1 2 4
0xb77ae1f1 1 2 7
0xb77ae270 1 6 12
0xb77ae389 1 3 6
0xb77ae420 1 10 22
0xb77ae389 0 3 6
0xb77ae374 1 5 21
0xb77ae369 1 4 11
0xb77ae27c 1 4 18
0xb77ae28e 1 16 67
0xb77ae2d1 1 4 14
0xb77ae34f 1 6 26
0xb77ae31e 1 13 49
0xb77ae314 1 2 10
0xb77ae2df 1 3 13
0xb77ae2fc 1 5 24
0xb77ae2f0 1 2 12
0xb77ae398 1 4 19
0xb77ae38f 1 3 9
0xb77aea35 1 10 37
0xb77ae9f1 0 2 8
0xb77ae9e8 0 4 9
0xb77ae9b0 1 3 12
0xb77ae9e2 1 3 6
0xb77ae9bc 1 8 36
0xb77b0e40 7 6 16
0xb77b0e50 7 5 14
0xb77b10a8 0 2 4
0xb77b11f2 0 1 5
0xb77b1020 1 9 23
0xb77b1037 0 25 113
0xb77b127a 0 1 5
0xb77b1028 8 6 15
0xb77b1037 0 25 113
0xb77b10a8 0 2 4
0xb77b1280 1 8 26
0xb77b129a 0 1 5
0xb77b1240 1 8 26
0xb77b125a 0 1 5
0xb77b1170 1 8 26
0xb77b118a 0 1 5
0xb77b0f20 1 7 16
0xb77b11aa 0 1 5
0xb77b1190 1 8 26
0xb77b1010 1 3 11
0xb77b0f9b 1 26 117
0xb77b0f69 1 10 50
0xb77b0f60 101 4 9
0xb77b0f69 0 10 50
0xb77b0f5d 1 5 12
0xb77b0f30 1 11 45
0xb77b11d8 1 8 26
0xb77b1008 18 3 8
0xb77b1010 18 3 11
0xb77b1130 1 8 26
0xb77b114a 0 1 5
0xb77b1124 1 7 12
0xb77b11f8 1 10 32
0xb77b1218 0 1 5
0xb77b1260 1 8 26
0xb77b116a 0 1 5
0xb77b1150 1 8 26
0xb77b1220 1 8 26
0xb77b123a 1 1 5
0xb77b1038 1 24 112
0xb77b10a8 1 2 4
0xb77b10ac 1 3 18
0xb77b1103 1 8 33
0xb77b10be 1 3 10
0xb77b10c8 1 2 9
0xb77b10d1 0 3 22
0xb77b12a0 1 2 8
0xb77b12a8 1 2 11
0xb77b10db 1 2 12
0xb77b10f5 1 3 14
0xb77b10e7 1 3 14
0xb77b12e0 1 1 2
0xb77b1a5c 1 2 4
0xb77b1a88 1 8 23
0xb77b1a60 1 11 36
0xb77b1a40 2 7 21
0xb77b1a2c 2 6 20
0xb77b1a18 2 7 20
0xb77b1a84 1 2 4
0xb77b1a9f 1 3 8
0xb77b1aa7 0 7 19
0xb77b1aba 0 16 45
0xb77b1a38 9 3 8
0xb77b1a9f 1 3 8
0xb77b1a60 0 11 36
0xb77b1a5c 2 2 4
0xb77b1a55 6 3 7
0xb77b1a55 3 3 7
0xb77b1a40 4 7 21
0xb77b1a5c 0 2 4
0xb77b1a55 3 3 7
0xb77b1a40 6 7 21
0xb77b1a2c 1 6 20
0xb77b1a0f 1 10 29
0xb77b1a00 7 4 15
0xb77b19c8 1 6 22
0xb77b1aa7 1 7 19
0xb77b1788 26 7 18
0xb77b182c 1 13 51
0xb77b1819 1 7 19
0xb77b17d3 1 25 70
0xb77b17cd 0 27 76
0xb77b17c6 1 2 7
0xb77b17b0 1 7 22
0xb77b17a0 0 13 38
0xb77b179a 0 3 6
0xb77b185f 1 2 10
0xb77b182c 0 13 51
0xb77b1819 0 7 19
0xb77b1807 26 5 18
0xb77b17c6 0 2 7
0xb77b17a0 1 13 38
0xb77b179c 27 2 4
0xb77b179a 0 3 6
0xb77b18fe 1 2 10
0xb77b19c8 1 6 22
0xb77b19ba 1 5 14
0xb77b19a0 1 7 26
0xb77b1995 2 4 11
0xb77b1986 2 2 5
0xb77b1979 2 5 13
0xb77b191f 1 30 90
0xb77b1908 1 7 23
0xb77b177b 1 11 31
0xb77b18f3 1 3 11
0xb77b18c9 1 14 42
0xb77b18aa 0 2 10
0xb77b18a4 1 2 6
0xb77b1894 1 5 16
0xb77b187e 1 5 17
0xb77b1869 1 7 21
0xb77b1586 1 10 28
0xb77b1590 26 7 18
0xb77b15e9 1 4 21
0xb77b15d8 1 4 17
0xb77b15ca 27 6 14
0xb77b15d8 0 4 17
0xb77b15c6 0 8 18
0xb77b15a4 27 11 34
0xb77b15a2 0 12 36
0xb77b15a2 0 12 36
0xb77b153b 1 22 75
0xb77b1530 1 6 11
0xb77b19ec 1 7 20
0xb77b1a00 1 4 15
0xb77b1960 1 7 25
0xb77b1990 1 2 5
0xb77b1995 0 4 11
0xb77b163c 1 12 31
0xb77b176f 1 3 12
0xb77b1b10 1 12 47
0xb77b168a 0 2 5
0xb77b1682 1 3 8
0xb77b1660 2 12 34
0xb77b168f 0 5 23
0xb77b168a 0 2 5
0xb77b1682 1 3 8
0xb77b19a0 0 7 26
0xb77b1634 3 3 8
0xb77b1620 4 5 20
0xb77b165b 0 1 2
0xb77b163c 0 12 31
0xb77b1634 1 3 8
0xb77b15fe 1 7 27
0xb77b15c6 0 8 18
0xb77b1ae7 0 11 24
0xb77b1aba 1 16 45
0xb77b1ad8 3 6 15
0xb77b19de 2 4 14
0xb77b1ae7 1 11 24
0xb77b1cea 1 4 20
0xb77b1cfe 1 2 4
0xb77b1d02 1 8 16
0xb77b1c6c 1 6 27
0xb77b1c57 1 4 21
0xb77b1c39 1 6 30
0xb77b1cbb 1 3 10
0xb77b1ca4 1 8 23
0xb77b1c9e 2 2 6
0xb77b1c88 2 5 22
0xb77b1c30 1 5 9
0xb77b1cbb 0 3 10
0xb77b1ca4 0 8 23
0xb77b1c9e 1 2 6
0xb77b1e65 90 4 9
0xb77b1e80 1 4 10
0xb77b1e6e 1 4 6
0xb77b1e74 11 2 6
0xb77b1e7a 1 2 6
0xb77b1e70 1 3 4
0xb77b1e6e 0 4 6
0xb77b1e65 10 4 9
0xb77b1e60 100 2 5
0xb77b1e65 1 4 9
0xb77b1e5b 2 4 10
0xb77b1e50 2 6 11
0xb77b1f46 1 7 21
0xb77b1f5b 1 4 8
0xb77b1f63 0 6 22
0xb77b1fc3 18 8 30
0xb77b1f79 2 7 48
0xb77b1fb8 2 11 41
0xb77b1fae 2 3 10
0xb77b1fa9 2 2 5
0xb77b1fe8 1 7 31
0xb77b1f5b 17 4 8
0xb77b1f46 19 7 21
0xb77b1f20 20 8 38
0xb77b1f63 2 6 22
0xb77b1f10 20 4 16
0xb77b2053 19 3 5
0xb77b2030 19 2 6
0xb77b2036 19 6 29
0xb77b2092 0 2 4
0xb77b2096 0 7 14
0xb77b20ac 9 5 16
0xb77b20a4 9 2 8
0xb77b2082 9 4 16
0xb77b2060 9 10 34
0xb77b2668 1 7 12
0xb77b2610 2 5 16
0xb77b2620 2 5 14
0xb77b2656 0 4 10
0xb77b2600 2 7 16
0xb77b2656 28 4 10
0xb77b262e 1 4 9
0xb77b2637 1 7 21
0xb77b264c 1 4 10
0xb77b2656 0 4 10
0xb77b2660 1 10 20
0xb77b2648 28 2 4
0xb77b264c 28 4 10
0xb77b264c 27 4 10
0xb77b2640 27 5 12
0xb77b26e0 1 5 19
0xb77b26f3 1 5 17
0xb77b2704 1 6 16
0xb77b2714 1 4 11
0xb77b2768 1 3 10
0xb77b274c 1 7 28
0xb77b2772 1 2 5
0xb77b278f 1 6 18
0xb77b2740 1 3 12
0xb77b4410 8 3 10
0xb77b441a 8 5 19
0xb77b4438 7 5 13
0xb77b442d 8 3 9
0xb77b4436 1 2 2
0xb77b4476 2 2 2
0xb77b446d 2 3 9
0xb77b445a 2 5 19
0xb77b4450 2 3 10
0xb77b44ed 8 1 5
0xb77b44ec 2 1 1
0xb77b44e4 10 3 8
0xb77b44f2 8 6 21
0xb77b44ec 8 1 1
0xb77b44d0 10 6 20
0xb77b451d 2 3 9
0xb77b4526 2 1 1
0xb77b4510 2 4 13
0xb77b4564 1 3 8
0xb77b4550 1 6 20
0xb77b456c 1 1 1
0xb77b462b 1 1 5
0xb77b4630 1 6 21
0xb77b462a 1 1 1
0xb77b4610 1 5 17
0xb77b4621 1 3 9
0xb77b462a 0 1 1
0xb77b4870 6 13 41
0xb77b4899 6 3 10
0xb77b48ae 6 1 1
0xb77b48a3 6 6 11
0xb77b48ea 1 1 1
0xb77b48e1 1 3 9
0xb77b48d0 1 5 17
0xb77b4924 3 3 8
0xb77b4910 3 6 20
0xb77b492c 3 1 1
0xb77b49b0 2 11 31
0xb77b4c8d 5 4 13
0xb77b4c7c 5 6 17
0xb77b4ca7 2 6 18
0xb77b4cb9 2 6 17
0xb77b4cca 2 4 9
0xb77b4cd3 2 4 13
0xb77b4c66 5 6 22
0xb77b4ce0 1 6 18
0xb77b4cf2 1 6 21
0xb77b4d07 0 3 7
0xb77b4d0e 0 3 5
0xb77b4bff 1 4 13
0xb77b4c0c 1 4 17
0xb77b4c1d 1 6 22
0xb77b4d22 4 3 7
0xb77b4d29 4 2 5
0xb77b4d2e 4 3 5
0xb77b4c55 5 4 17
0xb77b4d33 4 2 5
0xb77b4d38 0 4 8
0xb77b4d40 0 2 5
0xb77b4d4a 4 2 4
0xb77b4d1d 4 5 5
0xb77b4c48 5 4 13
0xb77b4c33 5 6 21
0xb77b4bd9 1 3 4
0xb77b4c9a 5 4 13
0xb77b4b90 4 15 32
0xb77b4bbc 1 2 8
0xb77b4bf1 3 8 27
0xb77b4bc4 1 4 12
0xb77b4bd0 1 2 9
0xb77b4bdd 1 3 10
0xb77b4be7 1 2 9
0xb77b4bf0 1 9 28
0xb77b4c0c 1 4 17
0xb77b4c1d 1 6 22
0xb77b4c0c 3 4 17
0xb77b4c1d 3 6 22
0xb77b4bb4 1 2 8
0xb77b4bb0 1 2 4
0xb77b4d73 16 6 11
0xb77b4d80 129 5 8
0xb77b4d60 1211 4 12
0xb77b4d50 197 10 28
0xb77b4d6c 197 3 7
0xb77b4d73 52 6 11
0xb77b4d6c 1082 3 7
0xb77b4ed5 2 3 6
0xb77b4e4e 1 8 19
0xb77b4ecc 3 4 9
0xb77b4ec7 6 3 5
0xb77b4e37 2 3 9
0xb77b4e40 2 3 6
0xb77b4e46 1 2 8
0xb77b4e61 0 3 10
0xb77b4eb9 2 4 14
0xb77b4eaf 4 3 10
0xb77b4e9f 6 6 16
0xb77b4e95 9 3 10
0xb77b4e85 9 6 16
0xb77b4e7b 9 3 10
0xb77b4e6b 8 6 16
0xb77b4e61 8 3 10
0xb77b4e51 8 6 16
0xb77b4ed6 8 2 5
0xb77b4e6b 1 6 16
0xb77b4eb9 6 4 14
0xb77b4e61 1 3 10
0xb77b4e4e 1 8 19
0xb77b4e46 3 2 8
0xb77b4e2f 2 2 8
0xb77b4e2d 5 1 2
0xb77b4e20 10 4 13
0xb77b5110 8 8 20
0xb77b512a 7 3 4
0xb77b5126 1 5 8
0xb77b5124 8 1 2
0xb77b5122 91 1 2
0xb77b52b2 1 3 8
0xb77b52ba 7 3 7
0xb77b52b8 4 1 2
0xb77b5290 50 12 34
0xb77b528a 2 15 40
0xb77b52b8 1 1 2
0xb77b527f 2 5 11
0xb77b52c1 7 3 6
0xb77b52b5 5 2 5
0xb77b52bf 2 1 2
0xb77b52bf 1 1 2
0xb77b5260 7 12 31
0xb77b52b2 1 3 8
0xb77b52d0 25 9 22
0xb77b52e6 0 5 10
0xb77b5338 25 1 2
0xb77b5338 24 1 2
0xb77b5338 187 1 2
0xb77b533a 25 4 5
0xb77b53d0 10 9 22
0xb77b53e6 0 5 10
0xb77b543c 10 1 2
0xb77b543e 10 3 3
0xb77b543c 8 1 2
0xb77b543c 85 1 2
0xb77b5557 3 2 4
0xb77b5557 8 2 4
0xb77b5557 1 2 4
0xb77b555b 1 2 4
0xb77b555b 1 2 4
0xb77b555b 1 2 4
0xb77b555b 1 2 4
0xb77b555b 1 2 4
0xb77b555b 3 2 4
0xb77b555b 1 2 4
0xb77b555b 3 2 4
0xb77b555b 3 2 4
0xb77b555b 9 2 4
0xb77b555b 100 2 4
0xb77b555b 2 2 4
0xb77b555b 1 2 4
0xb77b555b 8 2 4
0xb77b555b 1 2 4
0xb77b555b 7 2 4
0xb77b555b 1 2 4
0xb77b555b 1 2 4
0xb77b555b 1 2 4
0xb77b555b 2 2 4
0xb77b555b 1 2 4
0xb77b555b 1 2 4
0xb77b555b 1 2 4
0xb77b555b 1 2 4
0xb77b555b 1 2 4
0xb77b555b 9 2 4
0xb77b555b 4 2 4
0xb77b555b 1 2 4
0xb77b555b 1 2 4
0xb77b555b 1 2 4
0xb77b555b 4 2 4
0xb77b555b 1 2 4
0xb77b555b 1 2 4
0xb77b555b 1 2 4
0xb77b555b 3 2 4
0xb77b555b 1 2 4
0xb77b555b 1 2 4
0xb77b555b 1 2 4
0xb77b555b 1 2 4
0xb77b555b 3 2 4
0xb77b555b 102 2 4
0xb77b555b 19 2 4
0xb77b555b 4 2 4
0xb77b555b 2 2 4
0xb77b555b 20 2 4
0xb77b555b 1 2 4
0xb77b555b 1 2 4
0xb77b555b 1 2 4
0xb77b555b 3 2 4
0xb77b555b 1 2 4
0xb77b555b 2 2 4
0xb77b555b 1 2 4
0xb77b555b 31 2 4
0xb77b555b 102 2 4
# $eof
